[0721/212154.545:ERROR:process_memory_win.cc(73)] ReadMemory at 0x2d880047450 of 72 bytes failed: Only part of a ReadProcessMemory or WriteProcessMemory request was completed. (0x12B)
[0721/212155.171:WARNING:pe_image_annotations_reader.cc(134)] could not read annotations list object in C:\Program Files (x86)\Google\Chrome\Application\83.0.4103.116\chrome.dll
[0721/212155.171:ERROR:process_memory_win.cc(73)] ReadMemory at 0x2d8fd0441f0 of 72 bytes failed: Only part of a ReadProcessMemory or WriteProcessMemory request was completed. (0x12B)
[0721/212155.171:WARNING:pe_image_annotations_reader.cc(134)] could not read annotations list object in C:\Program Files (x86)\Google\Chrome\Application\83.0.4103.116\chrome_elf.dll
[0721/212155.171:ERROR:process_memory_win.cc(73)] ReadMemory at 0x2d880047450 of 72 bytes failed: Only part of a ReadProcessMemory or WriteProcessMemory request was completed. (0x12B)
[0721/212155.179:WARNING:pe_image_annotations_reader.cc(134)] could not read annotations list object in C:\Program Files (x86)\Google\Chrome\Application\83.0.4103.116\chrome.dll
[0721/212155.299:ERROR:process_memory_win.cc(73)] ReadMemory at 0xec311ee000 of 73728 bytes failed: Only part of a ReadProcessMemory or WriteProcessMemory request was completed. (0x12B)
[0721/212155.356:ERROR:process_memory_win.cc(73)] ReadMemory at 0xec319fd000 of 12288 bytes failed: Only part of a ReadProcessMemory or WriteProcessMemory request was completed. (0x12B)
[0721/212155.356:ERROR:process_memory_win.cc(73)] ReadMemory at 0xec329fc000 of 16384 bytes failed: Only part of a ReadProcessMemory or WriteProcessMemory request was completed. (0x12B)
[0721/212155.356:ERROR:process_memory_win.cc(73)] ReadMemory at 0xec331fb000 of 20480 bytes failed: Only part of a ReadProcessMemory or WriteProcessMemory request was completed. (0x12B)
[0721/212155.356:ERROR:process_memory_win.cc(73)] ReadMemory at 0xec339fe000 of 8192 bytes failed: Only part of a ReadProcessMemory or WriteProcessMemory request was completed. (0x12B)
[0721/212155.356:ERROR:process_memory_win.cc(73)] ReadMemory at 0xec341fd000 of 12288 bytes failed: Only part of a ReadProcessMemory or WriteProcessMemory request was completed. (0x12B)
[0721/212155.356:ERROR:process_memory_win.cc(73)] ReadMemory at 0xec349fb000 of 20480 bytes failed: Only part of a ReadProcessMemory or WriteProcessMemory request was completed. (0x12B)
[0721/212155.356:ERROR:process_memory_win.cc(73)] ReadMemory at 0xec359fd000 of 12288 bytes failed: Only part of a ReadProcessMemory or WriteProcessMemory request was completed. (0x12B)
[0721/212155.356:ERROR:process_memory_win.cc(73)] ReadMemory at 0xec361f5000 of 45056 bytes failed: Only part of a ReadProcessMemory or WriteProcessMemory request was completed. (0x12B)
[0721/212155.356:ERROR:process_memory_win.cc(73)] ReadMemory at 0xec369fc000 of 16384 bytes failed: Only part of a ReadProcessMemory or WriteProcessMemory request was completed. (0x12B)
[0721/212155.363:ERROR:process_memory_win.cc(73)] ReadMemory at 0xec321fd000 of 12288 bytes failed: Only part of a ReadProcessMemory or WriteProcessMemory request was completed. (0x12B)
[0721/212155.363:ERROR:process_memory_win.cc(73)] ReadMemory at 0xec351f9000 of 28672 bytes failed: Only part of a ReadProcessMemory or WriteProcessMemory request was completed. (0x12B)
[0721/212155.363:ERROR:process_memory_win.cc(73)] ReadMemory at 0xec371f6000 of 40960 bytes failed: Only part of a ReadProcessMemory or WriteProcessMemory request was completed. (0x12B)
[0721/212155.363:ERROR:process_memory_win.cc(73)] ReadMemory at 0xec379fb000 of 20480 bytes failed: Only part of a ReadProcessMemory or WriteProcessMemory request was completed. (0x12B)
[0721/212155.363:ERROR:process_memory_win.cc(73)] ReadMemory at 0xec381fe000 of 8192 bytes failed: Only part of a ReadProcessMemory or WriteProcessMemory request was completed. (0x12B)
[0721/212155.363:ERROR:process_memory_win.cc(73)] ReadMemory at 0xec30880000 of 6024 bytes failed: Only part of a ReadProcessMemory or WriteProcessMemory request was completed. (0x12B)
[0721/212155.363:ERROR:process_memory_win.cc(73)] ReadMemory at 0xec30884000 of 6024 bytes failed: Only part of a ReadProcessMemory or WriteProcessMemory request was completed. (0x12B)
[0721/212155.363:ERROR:process_memory_win.cc(73)] ReadMemory at 0xec30886000 of 6024 bytes failed: Only part of a ReadProcessMemory or WriteProcessMemory request was completed. (0x12B)
[0721/212155.363:ERROR:process_memory_win.cc(73)] ReadMemory at 0xec30888000 of 6024 bytes failed: Only part of a ReadProcessMemory or WriteProcessMemory request was completed. (0x12B)
[0721/212155.363:ERROR:process_memory_win.cc(73)] ReadMemory at 0xec3099b000 of 852 bytes failed: Only part of a ReadProcessMemory or WriteProcessMemory request was completed. (0x12B)
[0721/212155.363:ERROR:process_memory_win.cc(73)] ReadMemory at 0xec3099c000 of 6024 bytes failed: Only part of a ReadProcessMemory or WriteProcessMemory request was completed. (0x12B)
[0721/212155.363:ERROR:process_memory_win.cc(73)] ReadMemory at 0xec3099e000 of 6024 bytes failed: Only part of a ReadProcessMemory or WriteProcessMemory request was completed. (0x12B)
[0721/212155.363:ERROR:process_memory_win.cc(73)] ReadMemory at 0xec309a2000 of 6024 bytes failed: Only part of a ReadProcessMemory or WriteProcessMemory request was completed. (0x12B)
[0721/212155.363:ERROR:process_memory_win.cc(73)] ReadMemory at 0xec309a4000 of 6024 bytes failed: Only part of a ReadProcessMemory or WriteProcessMemory request was completed. (0x12B)
[0721/212155.363:ERROR:process_memory_win.cc(73)] ReadMemory at 0xec309a6000 of 6024 bytes failed: Only part of a ReadProcessMemory or WriteProcessMemory request was completed. (0x12B)
[0721/212155.363:ERROR:process_memory_win.cc(73)] ReadMemory at 0xec309a8000 of 6024 bytes failed: Only part of a ReadProcessMemory or WriteProcessMemory request was completed. (0x12B)
[0721/212155.363:ERROR:process_memory_win.cc(73)] ReadMemory at 0xec309aa000 of 6024 bytes failed: Only part of a ReadProcessMemory or WriteProcessMemory request was completed. (0x12B)
[0721/212155.363:ERROR:process_memory_win.cc(73)] ReadMemory at 0xec309ae000 of 6024 bytes failed: Only part of a ReadProcessMemory or WriteProcessMemory request was completed. (0x12B)
[0721/212155.363:ERROR:process_memory_win.cc(73)] ReadMemory at 0xec309b0000 of 6024 bytes failed: Only part of a ReadProcessMemory or WriteProcessMemory request was completed. (0x12B)
[0721/212155.363:ERROR:process_memory_win.cc(73)] ReadMemory at 0xec309b2000 of 6024 bytes failed: Only part of a ReadProcessMemory or WriteProcessMemory request was completed. (0x12B)
[0721/212155.363:ERROR:process_memory_win.cc(73)] ReadMemory at 0xec309b8000 of 6024 bytes failed: Only part of a ReadProcessMemory or WriteProcessMemory request was completed. (0x12B)
[0721/212155.363:ERROR:process_memory_win.cc(73)] ReadMemory at 0x2d880084820 of 512 bytes failed: Only part of a ReadProcessMemory or WriteProcessMemory request was completed. (0x12B)
[0721/212155.363:ERROR:process_memory_win.cc(73)] ReadMemory at 0x2d8800a08a0 of 512 bytes failed: Only part of a ReadProcessMemory or WriteProcessMemory request was completed. (0x12B)
[0721/212155.363:ERROR:process_memory_win.cc(73)] ReadMemory at 0x2d8800a29d0 of 712 bytes failed: Only part of a ReadProcessMemory or WriteProcessMemory request was completed. (0x12B)
[0721/212155.363:ERROR:process_memory_win.cc(73)] ReadMemory at 0x2d88010a890 of 512 bytes failed: Only part of a ReadProcessMemory or WriteProcessMemory request was completed. (0x12B)
[0721/212155.363:ERROR:process_memory_win.cc(73)] ReadMemory at 0x2d880116b90 of 512 bytes failed: Only part of a ReadProcessMemory or WriteProcessMemory request was completed. (0x12B)
[0721/212155.363:ERROR:process_memory_win.cc(73)] ReadMemory at 0x2d880184080 of 512 bytes failed: Only part of a ReadProcessMemory or WriteProcessMemory request was completed. (0x12B)
[0721/212155.363:ERROR:process_memory_win.cc(73)] ReadMemory at 0x2d881770000 of 384 bytes failed: Only part of a ReadProcessMemory or WriteProcessMemory request was completed. (0x12B)
[0721/212155.363:ERROR:process_memory_win.cc(73)] ReadMemory at 0x2d881784c58 of 512 bytes failed: Only part of a ReadProcessMemory or WriteProcessMemory request was completed. (0x12B)
[0721/212155.371:ERROR:process_memory_win.cc(73)] ReadMemory at 0x2d881e84590 of 536 bytes failed: Only part of a ReadProcessMemory or WriteProcessMemory request was completed. (0x12B)
[0721/212155.371:ERROR:process_memory_win.cc(73)] ReadMemory at 0x2d8839cdabc of 512 bytes failed: Only part of a ReadProcessMemory or WriteProcessMemory request was completed. (0x12B)
[0721/212155.371:ERROR:process_memory_win.cc(73)] ReadMemory at 0x2d884924be0 of 512 bytes failed: Only part of a ReadProcessMemory or WriteProcessMemory request was completed. (0x12B)
[0721/212155.371:ERROR:process_memory_win.cc(73)] ReadMemory at 0x2d884925aa4 of 512 bytes failed: Only part of a ReadProcessMemory or WriteProcessMemory request was completed. (0x12B)
[0721/212155.371:ERROR:process_memory_win.cc(73)] ReadMemory at 0x2d8fccc0fe0 of 16048 bytes failed: Only part of a ReadProcessMemory or WriteProcessMemory request was completed. (0x12B)
[0721/212155.435:ERROR:process_memory_win.cc(73)] ReadMemory at 0x2d8fccc4ea0 of 1012 bytes failed: Only part of a ReadProcessMemory or WriteProcessMemory request was completed. (0x12B)
[0721/212155.435:ERROR:process_memory_win.cc(73)] ReadMemory at 0x2d8fccc54e8 of 118 bytes failed: Only part of a ReadProcessMemory or WriteProcessMemory request was completed. (0x12B)
[0721/212155.435:ERROR:process_memory_win.cc(73)] ReadMemory at 0x2d8fccc5560 of 676 bytes failed: Only part of a ReadProcessMemory or WriteProcessMemory request was completed. (0x12B)
[0721/212155.435:ERROR:process_memory_win.cc(73)] ReadMemory at 0x2d8fccc5806 of 118 bytes failed: Only part of a ReadProcessMemory or WriteProcessMemory request was completed. (0x12B)
[0721/212155.435:ERROR:process_memory_win.cc(73)] ReadMemory at 0x2d8fccc587e of 96 bytes failed: Only part of a ReadProcessMemory or WriteProcessMemory request was completed. (0x12B)
[0721/212155.435:ERROR:process_memory_win.cc(73)] ReadMemory at 0x2d8fccc58f0 of 58 bytes failed: Only part of a ReadProcessMemory or WriteProcessMemory request was completed. (0x12B)
[0721/212155.435:ERROR:process_memory_win.cc(73)] ReadMemory at 0x2d8fccc59f0 of 132 bytes failed: Only part of a ReadProcessMemory or WriteProcessMemory request was completed. (0x12B)
[0721/212155.435:ERROR:process_memory_win.cc(73)] ReadMemory at 0x2d8fccc5b80 of 132 bytes failed: Only part of a ReadProcessMemory or WriteProcessMemory request was completed. (0x12B)
[0721/212155.435:ERROR:process_memory_win.cc(73)] ReadMemory at 0x2d8fccc5d40 of 126 bytes failed: Only part of a ReadProcessMemory or WriteProcessMemory request was completed. (0x12B)
[0721/212155.435:ERROR:process_memory_win.cc(73)] ReadMemory at 0x2d8fccc6120 of 132 bytes failed: Only part of a ReadProcessMemory or WriteProcessMemory request was completed. (0x12B)
[0721/212155.435:ERROR:process_memory_win.cc(73)] ReadMemory at 0x2d8fccc62b0 of 64 bytes failed: Only part of a ReadProcessMemory or WriteProcessMemory request was completed. (0x12B)
[0721/212155.435:ERROR:process_memory_win.cc(73)] ReadMemory at 0x2d8fccc6300 of 132 bytes failed: Only part of a ReadProcessMemory or WriteProcessMemory request was completed. (0x12B)
[0721/212155.435:ERROR:process_memory_win.cc(73)] ReadMemory at 0x2d8fccc6470 of 132 bytes failed: Only part of a ReadProcessMemory or WriteProcessMemory request was completed. (0x12B)
[0721/212155.435:ERROR:process_memory_win.cc(73)] ReadMemory at 0x2d8fccc6710 of 132 bytes failed: Only part of a ReadProcessMemory or WriteProcessMemory request was completed. (0x12B)
[0721/212155.435:ERROR:process_memory_win.cc(73)] ReadMemory at 0x2d8fccc68a0 of 68 bytes failed: Only part of a ReadProcessMemory or WriteProcessMemory request was completed. (0x12B)
[0721/212155.435:ERROR:process_memory_win.cc(73)] ReadMemory at 0x2d8fccc7940 of 132 bytes failed: Only part of a ReadProcessMemory or WriteProcessMemory request was completed. (0x12B)
[0721/212155.555:ERROR:process_memory_win.cc(73)] ReadMemory at 0x2d8fccc7ad0 of 154 bytes failed: Only part of a ReadProcessMemory or WriteProcessMemory request was completed. (0x12B)
[0721/212155.555:ERROR:process_memory_win.cc(73)] ReadMemory at 0x2d8fccc8990 of 62 bytes failed: Only part of a ReadProcessMemory or WriteProcessMemory request was completed. (0x12B)
[0721/212155.555:ERROR:process_memory_win.cc(73)] ReadMemory at 0x2d8fccc89e0 of 146 bytes failed: Only part of a ReadProcessMemory or WriteProcessMemory request was completed. (0x12B)
[0721/212155.555:ERROR:process_memory_win.cc(73)] ReadMemory at 0x2d8fccc8ac0 of 132 bytes failed: Only part of a ReadProcessMemory or WriteProcessMemory request was completed. (0x12B)
[0721/212155.555:ERROR:process_memory_win.cc(73)] ReadMemory at 0x2d8fccc8c50 of 60 bytes failed: Only part of a ReadProcessMemory or WriteProcessMemory request was completed. (0x12B)
[0721/212155.555:ERROR:process_memory_win.cc(73)] ReadMemory at 0x2d8fccca2d0 of 132 bytes failed: Only part of a ReadProcessMemory or WriteProcessMemory request was completed. (0x12B)
[0721/212155.555:ERROR:process_memory_win.cc(73)] ReadMemory at 0x2d8fccca620 of 132 bytes failed: Only part of a ReadProcessMemory or WriteProcessMemory request was completed. (0x12B)
[0721/212155.555:ERROR:process_memory_win.cc(73)] ReadMemory at 0x2d8fccca750 of 132 bytes failed: Only part of a ReadProcessMemory or WriteProcessMemory request was completed. (0x12B)
[0721/212155.555:ERROR:process_memory_win.cc(73)] ReadMemory at 0x2d8fccca970 of 132 bytes failed: Only part of a ReadProcessMemory or WriteProcessMemory request was completed. (0x12B)
[0721/212155.555:ERROR:process_memory_win.cc(73)] ReadMemory at 0x2d8fcccd190 of 132 bytes failed: Only part of a ReadProcessMemory or WriteProcessMemory request was completed. (0x12B)
[0721/212155.555:ERROR:process_memory_win.cc(73)] ReadMemory at 0x2d8fcccd2c0 of 132 bytes failed: Only part of a ReadProcessMemory or WriteProcessMemory request was completed. (0x12B)
[0721/212155.555:ERROR:process_memory_win.cc(73)] ReadMemory at 0x2d8fcccd450 of 80 bytes failed: Only part of a ReadProcessMemory or WriteProcessMemory request was completed. (0x12B)
[0721/212155.555:ERROR:process_memory_win.cc(73)] ReadMemory at 0x2d8fcccd640 of 64 bytes failed: Only part of a ReadProcessMemory or WriteProcessMemory request was completed. (0x12B)
[0721/212155.555:ERROR:process_memory_win.cc(73)] ReadMemory at 0x2d8fcccd730 of 62 bytes failed: Only part of a ReadProcessMemory or WriteProcessMemory request was completed. (0x12B)
[0721/212155.555:ERROR:process_memory_win.cc(73)] ReadMemory at 0x2d8fcccd7d0 of 64 bytes failed: Only part of a ReadProcessMemory or WriteProcessMemory request was completed. (0x12B)
[0721/212155.555:ERROR:process_memory_win.cc(73)] ReadMemory at 0x2d8fcccd8c0 of 62 bytes failed: Only part of a ReadProcessMemory or WriteProcessMemory request was completed. (0x12B)
[0721/212155.555:ERROR:process_memory_win.cc(73)] ReadMemory at 0x2d8fcccdb90 of 60 bytes failed: Only part of a ReadProcessMemory or WriteProcessMemory request was completed. (0x12B)
[0721/212155.555:ERROR:process_memory_win.cc(73)] ReadMemory at 0x2d8fcccdbe0 of 64 bytes failed: Only part of a ReadProcessMemory or WriteProcessMemory request was completed. (0x12B)
[0721/212155.555:ERROR:process_memory_win.cc(73)] ReadMemory at 0x2d8fcccdc30 of 66 bytes failed: Only part of a ReadProcessMemory or WriteProcessMemory request was completed. (0x12B)
[0721/212155.555:ERROR:process_memory_win.cc(73)] ReadMemory at 0x2d8fcccdc80 of 64 bytes failed: Only part of a ReadProcessMemory or WriteProcessMemory request was completed. (0x12B)
[0721/212155.555:ERROR:process_memory_win.cc(73)] ReadMemory at 0x2d8fcccdcd0 of 60 bytes failed: Only part of a ReadProcessMemory or WriteProcessMemory request was completed. (0x12B)
[0721/212155.555:ERROR:process_memory_win.cc(73)] ReadMemory at 0x2d8fccce8c0 of 80 bytes failed: Only part of a ReadProcessMemory or WriteProcessMemory request was completed. (0x12B)
[0721/212155.555:ERROR:process_memory_win.cc(73)] ReadMemory at 0x2d8fccceda0 of 76 bytes failed: Only part of a ReadProcessMemory or WriteProcessMemory request was completed. (0x12B)
[0721/212155.555:ERROR:process_memory_win.cc(73)] ReadMemory at 0x2d8fcccf210 of 58 bytes failed: Only part of a ReadProcessMemory or WriteProcessMemory request was completed. (0x12B)
[0721/212155.555:ERROR:process_memory_win.cc(73)] ReadMemory at 0x2d8fcccf260 of 62 bytes failed: Only part of a ReadProcessMemory or WriteProcessMemory request was completed. (0x12B)
[0721/212155.555:ERROR:process_memory_win.cc(73)] ReadMemory at 0x2d8fcccf2b0 of 60 bytes failed: Only part of a ReadProcessMemory or WriteProcessMemory request was completed. (0x12B)
[0721/212155.563:ERROR:process_memory_win.cc(73)] ReadMemory at 0x2d8fcccf3a0 of 60 bytes failed: Only part of a ReadProcessMemory or WriteProcessMemory request was completed. (0x12B)
[0721/212155.563:ERROR:process_memory_win.cc(73)] ReadMemory at 0x2d8fcccf4e0 of 60 bytes failed: Only part of a ReadProcessMemory or WriteProcessMemory request was completed. (0x12B)
[0721/212155.563:ERROR:process_memory_win.cc(73)] ReadMemory at 0x2d8fcccf620 of 64 bytes failed: Only part of a ReadProcessMemory or WriteProcessMemory request was completed. (0x12B)
[0721/212155.563:ERROR:process_memory_win.cc(73)] ReadMemory at 0x2d8fcccf6c0 of 62 bytes failed: Only part of a ReadProcessMemory or WriteProcessMemory request was completed. (0x12B)
[0721/212155.563:ERROR:process_memory_win.cc(73)] ReadMemory at 0x2d8fcccf760 of 60 bytes failed: Only part of a ReadProcessMemory or WriteProcessMemory request was completed. (0x12B)
[0721/212155.563:ERROR:process_memory_win.cc(73)] ReadMemory at 0x2d8fcccf8f0 of 62 bytes failed: Only part of a ReadProcessMemory or WriteProcessMemory request was completed. (0x12B)
[0721/212155.563:ERROR:process_memory_win.cc(73)] ReadMemory at 0x2d8fcccf940 of 62 bytes failed: Only part of a ReadProcessMemory or WriteProcessMemory request was completed. (0x12B)
[0721/212155.563:ERROR:process_memory_win.cc(73)] ReadMemory at 0x2d8fcccfa30 of 62 bytes failed: Only part of a ReadProcessMemory or WriteProcessMemory request was completed. (0x12B)
[0721/212155.563:ERROR:process_memory_win.cc(73)] ReadMemory at 0x2d8fcccfc10 of 64 bytes failed: Only part of a ReadProcessMemory or WriteProcessMemory request was completed. (0x12B)
[0721/212155.563:ERROR:process_memory_win.cc(73)] ReadMemory at 0x2d8fcccfc60 of 62 bytes failed: Only part of a ReadProcessMemory or WriteProcessMemory request was completed. (0x12B)
[0721/212155.563:ERROR:process_memory_win.cc(73)] ReadMemory at 0x2d8fcccfcb0 of 64 bytes failed: Only part of a ReadProcessMemory or WriteProcessMemory request was completed. (0x12B)
[0721/212155.563:ERROR:process_memory_win.cc(73)] ReadMemory at 0x2d8fcccfd50 of 64 bytes failed: Only part of a ReadProcessMemory or WriteProcessMemory request was completed. (0x12B)
[0721/212155.563:ERROR:process_memory_win.cc(73)] ReadMemory at 0x2d8fcccfda0 of 62 bytes failed: Only part of a ReadProcessMemory or WriteProcessMemory request was completed. (0x12B)
[0721/212155.563:ERROR:process_memory_win.cc(73)] ReadMemory at 0x2d8fcccfee0 of 66 bytes failed: Only part of a ReadProcessMemory or WriteProcessMemory request was completed. (0x12B)
[0721/212155.563:ERROR:process_memory_win.cc(73)] ReadMemory at 0x2d8fcccff80 of 62 bytes failed: Only part of a ReadProcessMemory or WriteProcessMemory request was completed. (0x12B)
[0721/212155.563:ERROR:process_memory_win.cc(73)] ReadMemory at 0x2d8fccd2a20 of 132 bytes failed: Only part of a ReadProcessMemory or WriteProcessMemory request was completed. (0x12B)
[0721/212155.563:ERROR:process_memory_win.cc(73)] ReadMemory at 0x2d8fccd3b80 of 132 bytes failed: Only part of a ReadProcessMemory or WriteProcessMemory request was completed. (0x12B)
[0721/212155.563:ERROR:process_memory_win.cc(73)] ReadMemory at 0x2d8fccd3d90 of 132 bytes failed: Only part of a ReadProcessMemory or WriteProcessMemory request was completed. (0x12B)
[0721/212155.563:ERROR:process_memory_win.cc(73)] ReadMemory at 0x2d8fccd5900 of 54 bytes failed: Only part of a ReadProcessMemory or WriteProcessMemory request was completed. (0x12B)
[0721/212155.563:ERROR:process_memory_win.cc(73)] ReadMemory at 0x2d8fccd9a10 of 132 bytes failed: Only part of a ReadProcessMemory or WriteProcessMemory request was completed. (0x12B)
[0721/212155.563:ERROR:process_memory_win.cc(73)] ReadMemory at 0x2d8fccd9b40 of 132 bytes failed: Only part of a ReadProcessMemory or WriteProcessMemory request was completed. (0x12B)
[0721/212155.563:ERROR:process_memory_win.cc(73)] ReadMemory at 0x2d8fccd9c70 of 132 bytes failed: Only part of a ReadProcessMemory or WriteProcessMemory request was completed. (0x12B)
[0721/212155.563:ERROR:process_memory_win.cc(73)] ReadMemory at 0x2d8fccd9da0 of 132 bytes failed: Only part of a ReadProcessMemory or WriteProcessMemory request was completed. (0x12B)
[0721/212155.563:ERROR:process_memory_win.cc(73)] ReadMemory at 0x2d8fccd9ed0 of 132 bytes failed: Only part of a ReadProcessMemory or WriteProcessMemory request was completed. (0x12B)
[0721/212155.563:ERROR:process_memory_win.cc(73)] ReadMemory at 0x2d8fccda000 of 132 bytes failed: Only part of a ReadProcessMemory or WriteProcessMemory request was completed. (0x12B)
[0721/212155.563:ERROR:process_memory_win.cc(73)] ReadMemory at 0x2d8fccda130 of 132 bytes failed: Only part of a ReadProcessMemory or WriteProcessMemory request was completed. (0x12B)
[0721/212155.563:ERROR:process_memory_win.cc(73)] ReadMemory at 0x2d8fccda260 of 132 bytes failed: Only part of a ReadProcessMemory or WriteProcessMemory request was completed. (0x12B)
[0721/212155.563:ERROR:process_memory_win.cc(73)] ReadMemory at 0x2d8fccda390 of 132 bytes failed: Only part of a ReadProcessMemory or WriteProcessMemory request was completed. (0x12B)
[0721/212155.563:ERROR:process_memory_win.cc(73)] ReadMemory at 0x2d8fccda4c0 of 132 bytes failed: Only part of a ReadProcessMemory or WriteProcessMemory request was completed. (0x12B)
[0721/212155.563:ERROR:process_memory_win.cc(73)] ReadMemory at 0x2d8fccda720 of 132 bytes failed: Only part of a ReadProcessMemory or WriteProcessMemory request was completed. (0x12B)
[0721/212155.563:ERROR:process_memory_win.cc(73)] ReadMemory at 0x2d8fccda850 of 132 bytes failed: Only part of a ReadProcessMemory or WriteProcessMemory request was completed. (0x12B)
[0721/212155.563:ERROR:process_memory_win.cc(73)] ReadMemory at 0x2d8fccdaf50 of 132 bytes failed: Only part of a ReadProcessMemory or WriteProcessMemory request was completed. (0x12B)
[0721/212155.563:ERROR:process_memory_win.cc(73)] ReadMemory at 0x2d8fccdb670 of 132 bytes failed: Only part of a ReadProcessMemory or WriteProcessMemory request was completed. (0x12B)
[0721/212155.563:ERROR:process_memory_win.cc(73)] ReadMemory at 0x2d8fccdb8d0 of 132 bytes failed: Only part of a ReadProcessMemory or WriteProcessMemory request was completed. (0x12B)
[0721/212155.563:ERROR:process_memory_win.cc(73)] ReadMemory at 0x2d8fccdba00 of 132 bytes failed: Only part of a ReadProcessMemory or WriteProcessMemory request was completed. (0x12B)
[0721/212155.563:ERROR:process_memory_win.cc(73)] ReadMemory at 0x2d8fccdbd90 of 132 bytes failed: Only part of a ReadProcessMemory or WriteProcessMemory request was completed. (0x12B)
[0721/212155.563:ERROR:process_memory_win.cc(73)] ReadMemory at 0x2d8fccdbec0 of 132 bytes failed: Only part of a ReadProcessMemory or WriteProcessMemory request was completed. (0x12B)
[0721/212155.563:ERROR:process_memory_win.cc(73)] ReadMemory at 0x2d8fccdc380 of 132 bytes failed: Only part of a ReadProcessMemory or WriteProcessMemory request was completed. (0x12B)
[0721/212155.563:ERROR:process_memory_win.cc(73)] ReadMemory at 0x2d8fccdc5e0 of 132 bytes failed: Only part of a ReadProcessMemory or WriteProcessMemory request was completed. (0x12B)
[0721/212155.563:ERROR:process_memory_win.cc(73)] ReadMemory at 0x2d8fccdc710 of 132 bytes failed: Only part of a ReadProcessMemory or WriteProcessMemory request was completed. (0x12B)
[0721/212155.563:ERROR:process_memory_win.cc(73)] ReadMemory at 0x2d8fccdcaa0 of 132 bytes failed: Only part of a ReadProcessMemory or WriteProcessMemory request was completed. (0x12B)
[0721/212155.563:ERROR:process_memory_win.cc(73)] ReadMemory at 0x2d8fccf1e30 of 512 bytes failed: Only part of a ReadProcessMemory or WriteProcessMemory request was completed. (0x12B)
[0721/212155.563:ERROR:process_memory_win.cc(73)] ReadMemory at 0x2d8fccf2dc0 of 512 bytes failed: Only part of a ReadProcessMemory or WriteProcessMemory request was completed. (0x12B)
[0721/212155.563:ERROR:process_memory_win.cc(73)] ReadMemory at 0x3d9c3ef21488 of 512 bytes failed: Only part of a ReadProcessMemory or WriteProcessMemory request was completed. (0x12B)
[0721/212155.571:ERROR:process_memory_win.cc(73)] ReadMemory at 0x3d9c3ef40fc0 of 512 bytes failed: Only part of a ReadProcessMemory or WriteProcessMemory request was completed. (0x12B)
[0721/212155.571:ERROR:process_memory_win.cc(73)] ReadMemory at 0x4ec18e75c458 of 512 bytes failed: Only part of a ReadProcessMemory or WriteProcessMemory request was completed. (0x12B)
[0721/212155.571:ERROR:process_memory_win.cc(73)] ReadMemory at 0x5aea1d85b958 of 512 bytes failed: Only part of a ReadProcessMemory or WriteProcessMemory request was completed. (0x12B)
[0721/212155.571:ERROR:process_memory_win.cc(73)] ReadMemory at 0x7cb50ff78f18 of 512 bytes failed: Only part of a ReadProcessMemory or WriteProcessMemory request was completed. (0x12B)
[0721/212155.571:ERROR:process_memory_win.cc(73)] ReadMemory at 0x7cb510081f80 of 512 bytes failed: Only part of a ReadProcessMemory or WriteProcessMemory request was completed. (0x12B)
[0721/212155.571:ERROR:process_memory_win.cc(73)] ReadMemory at 0x7ffa32cb0000 of 384 bytes failed: Only part of a ReadProcessMemory or WriteProcessMemory request was completed. (0x12B)
[0721/212155.571:ERROR:process_memory_win.cc(73)] ReadMemory at 0x7ffa3396c18a of 512 bytes failed: Only part of a ReadProcessMemory or WriteProcessMemory request was completed. (0x12B)
[0721/212155.571:ERROR:process_memory_win.cc(73)] ReadMemory at 0x7ffa365c1195 of 512 bytes failed: Only part of a ReadProcessMemory or WriteProcessMemory request was completed. (0x12B)
[0721/212155.571:ERROR:process_memory_win.cc(73)] ReadMemory at 0x7ffa370b08b0 of 512 bytes failed: Only part of a ReadProcessMemory or WriteProcessMemory request was completed. (0x12B)
[0721/212155.571:ERROR:process_memory_win.cc(73)] ReadMemory at 0x7ffa39dccd68 of 512 bytes failed: Only part of a ReadProcessMemory or WriteProcessMemory request was completed. (0x12B)
[0721/212155.571:ERROR:process_memory_win.cc(73)] ReadMemory at 0x7ffa674879a5 of 512 bytes failed: Only part of a ReadProcessMemory or WriteProcessMemory request was completed. (0x12B)
[0721/212155.571:ERROR:process_memory_win.cc(73)] ReadMemory at 0x7ffa67488180 of 512 bytes failed: Only part of a ReadProcessMemory or WriteProcessMemory request was completed. (0x12B)
[0721/212155.571:ERROR:process_memory_win.cc(73)] ReadMemory at 0x7ffa8cb5c074 of 672 bytes failed: Only part of a ReadProcessMemory or WriteProcessMemory request was completed. (0x12B)
[0721/212155.571:ERROR:process_memory_win.cc(73)] ReadMemory at 0x7ffa8cb5f924 of 608 bytes failed: Only part of a ReadProcessMemory or WriteProcessMemory request was completed. (0x12B)
[0721/212155.571:ERROR:process_memory_win.cc(73)] ReadMemory at 0x7ffa8cbec428 of 18 bytes failed: Only part of a ReadProcessMemory or WriteProcessMemory request was completed. (0x12B)
[0721/212155.571:ERROR:process_memory_win.cc(73)] ReadMemory at 0x7ffa8cc1f4f8 of 40 bytes failed: Only part of a ReadProcessMemory or WriteProcessMemory request was completed. (0x12B)
[0721/212155.571:ERROR:process_memory_win.cc(73)] ReadMemory at 0x7ffa8cc1f978 of 48 bytes failed: Only part of a ReadProcessMemory or WriteProcessMemory request was completed. (0x12B)
[0721/212155.571:ERROR:process_memory_win.cc(73)] ReadMemory at 0x7ffa8cc253c0 of 64 bytes failed: Only part of a ReadProcessMemory or WriteProcessMemory request was completed. (0x12B)
[0721/212155.859:ERROR:scoped_process_suspend.cc(40)] NtResumeProcess: An attempt was made to access an exiting process. (0xc000010a)
[0721/212158.904:ERROR:http_transport_win.cc(276)] WinHttpSendRequest: The operation completed successfully. (0x0)
